Fri Nov 02 2018 15:36:14 GMT+1100 (Australian Eastern Daylight Time): GET , /Fri Nov 02 2018 15:36:15 GMT+1100 (Australian Eastern Daylight Time): GET , /Fri Nov 02 2018 15:36:16 GMT+1100 (Australian Eastern Daylight Time): GET , /aboutFri Nov 02 2018 15:36:16 GMT+1100 (Australian Eastern Daylight Time): GET , /Fri Nov 02 2018 15:36:16 GMT+1100 (Australian Eastern Daylight Time): GET , /aboutFri Nov 02 2018 15:36:17 GMT+1100 (Australian Eastern Daylight Time): GET , /Fri Nov 02 2018 15:36:20 GMT+1100 (Australian Eastern Daylight Time): GET , /badFri Nov 02 2018 15:37:16 GMT+1100 (Australian Eastern Daylight Time): GET , /bad
Fri Nov 02 2018 15:37:18 GMT+1100 (Australian Eastern Daylight Time): GET , /
Fri Nov 02 2018 15:37:20 GMT+1100 (Australian Eastern Daylight Time): GET , /about
Fri Nov 02 2018 15:37:22 GMT+1100 (Australian Eastern Daylight Time): GET , /
Fri Nov 02 2018 15:37:23 GMT+1100 (Australian Eastern Daylight Time): GET , /about
Fri Nov 02 2018 15:37:23 GMT+1100 (Australian Eastern Daylight Time): GET , /
Fri Nov 02 2018 16:22:49 GMT+1100 (Australian Eastern Daylight Time): GET , /
Fri Nov 02 2018 16:22:53 GMT+1100 (Australian Eastern Daylight Time): GET , /maintenance
Fri Nov 02 2018 16:24:10 GMT+1100 (Australian Eastern Daylight Time): GET , /
Fri Nov 02 2018 16:24:11 GMT+1100 (Australian Eastern Daylight Time): GET , /
Fri Nov 02 2018 16:24:12 GMT+1100 (Australian Eastern Daylight Time): GET , /
Fri Nov 02 2018 16:24:15 GMT+1100 (Australian Eastern Daylight Time): GET , /
Fri Nov 02 2018 16:24:16 GMT+1100 (Australian Eastern Daylight Time): GET , /about
Fri Nov 02 2018 16:24:16 GMT+1100 (Australian Eastern Daylight Time): GET , /
Fri Nov 02 2018 16:24:18 GMT+1100 (Australian Eastern Daylight Time): GET , /about
Fri Nov 02 2018 16:24:19 GMT+1100 (Australian Eastern Daylight Time): GET , /
Fri Nov 02 2018 16:24:20 GMT+1100 (Australian Eastern Daylight Time): GET , /about
Fri Nov 02 2018 16:24:26 GMT+1100 (Australian Eastern Daylight Time): GET , /about
Fri Nov 02 2018 16:24:27 GMT+1100 (Australian Eastern Daylight Time): GET , /about
Fri Nov 02 2018 16:24:29 GMT+1100 (Australian Eastern Daylight Time): GET , /
Fri Nov 02 2018 16:24:30 GMT+1100 (Australian Eastern Daylight Time): GET , /about
Fri Nov 02 2018 16:24:31 GMT+1100 (Australian Eastern Daylight Time): GET , /
Fri Nov 02 2018 16:24:32 GMT+1100 (Australian Eastern Daylight Time): GET , /
Fri Nov 02 2018 16:24:32 GMT+1100 (Australian Eastern Daylight Time): GET , /
Fri Nov 02 2018 16:24:33 GMT+1100 (Australian Eastern Daylight Time): GET , /
Fri Nov 02 2018 16:24:33 GMT+1100 (Australian Eastern Daylight Time): GET , /
Fri Nov 02 2018 16:24:33 GMT+1100 (Australian Eastern Daylight Time): GET , /
Fri Nov 02 2018 16:24:34 GMT+1100 (Australian Eastern Daylight Time): GET , /
Fri Nov 02 2018 16:24:34 GMT+1100 (Australian Eastern Daylight Time): GET , /
Fri Nov 02 2018 16:24:34 GMT+1100 (Australian Eastern Daylight Time): GET , /
Fri Nov 02 2018 16:24:36 GMT+1100 (Australian Eastern Daylight Time): GET , /
Fri Nov 02 2018 16:24:38 GMT+1100 (Australian Eastern Daylight Time): GET , /
Fri Nov 02 2018 16:24:43 GMT+1100 (Australian Eastern Daylight Time): GET , /
Fri Nov 02 2018 16:24:44 GMT+1100 (Australian Eastern Daylight Time): GET , /
Fri Nov 02 2018 16:24:44 GMT+1100 (Australian Eastern Daylight Time): GET , /about
Fri Nov 02 2018 16:24:45 GMT+1100 (Australian Eastern Daylight Time): GET , /
Fri Nov 02 2018 16:24:45 GMT+1100 (Australian Eastern Daylight Time): GET , /about
Fri Nov 02 2018 16:24:46 GMT+1100 (Australian Eastern Daylight Time): GET , /
Fri Nov 02 2018 16:28:19 GMT+1100 (Australian Eastern Daylight Time): GET , /
Fri Nov 02 2018 16:28:23 GMT+1100 (Australian Eastern Daylight Time): GET , /bad
Fri Nov 02 2018 16:28:38 GMT+1100 (Australian Eastern Daylight Time): GET , /about
Fri Nov 02 2018 16:29:28 GMT+1100 (Australian Eastern Daylight Time): GET , /about
Fri Nov 02 2018 16:29:30 GMT+1100 (Australian Eastern Daylight Time): GET , /
Fri Nov 02 2018 16:31:34 GMT+1100 (Australian Eastern Daylight Time): GET , /nonhelp
Fri Nov 02 2018 16:32:04 GMT+1100 (Australian Eastern Daylight Time): GET , /
Fri Nov 02 2018 16:32:33 GMT+1100 (Australian Eastern Daylight Time): GET , /
Fri Nov 02 2018 16:32:34 GMT+1100 (Australian Eastern Daylight Time): GET , /
Fri Nov 02 2018 16:35:36 GMT+1100 (Australian Eastern Daylight Time): GET , /bad
Fri Nov 02 2018 16:35:37 GMT+1100 (Australian Eastern Daylight Time): GET , /bad
Fri Nov 02 2018 16:35:38 GMT+1100 (Australian Eastern Daylight Time): GET , /bad
Fri Nov 02 2018 16:35:38 GMT+1100 (Australian Eastern Daylight Time): GET , /bad
Fri Nov 02 2018 16:35:39 GMT+1100 (Australian Eastern Daylight Time): GET , /bad
Fri Nov 02 2018 16:35:39 GMT+1100 (Australian Eastern Daylight Time): GET , /bad
Fri Nov 02 2018 16:35:39 GMT+1100 (Australian Eastern Daylight Time): GET , /bad
Fri Nov 02 2018 16:35:39 GMT+1100 (Australian Eastern Daylight Time): GET , /bad
Fri Nov 02 2018 16:35:40 GMT+1100 (Australian Eastern Daylight Time): GET , /bad
Fri Nov 02 2018 16:35:41 GMT+1100 (Australian Eastern Daylight Time): GET , /bad
Fri Nov 02 2018 16:35:41 GMT+1100 (Australian Eastern Daylight Time): GET , /bad
Fri Nov 02 2018 16:35:41 GMT+1100 (Australian Eastern Daylight Time): GET , /bad
Fri Nov 02 2018 16:35:41 GMT+1100 (Australian Eastern Daylight Time): GET , /bad
Fri Nov 02 2018 16:35:41 GMT+1100 (Australian Eastern Daylight Time): GET , /bad
Fri Nov 02 2018 16:35:41 GMT+1100 (Australian Eastern Daylight Time): GET , /bad
Fri Nov 02 2018 16:35:41 GMT+1100 (Australian Eastern Daylight Time): GET , /bad
Fri Nov 02 2018 16:35:41 GMT+1100 (Australian Eastern Daylight Time): GET , /bad
Fri Nov 02 2018 16:35:41 GMT+1100 (Australian Eastern Daylight Time): GET , /bad
Fri Nov 02 2018 16:35:41 GMT+1100 (Australian Eastern Daylight Time): GET , /bad
Fri Nov 02 2018 16:35:41 GMT+1100 (Australian Eastern Daylight Time): GET , /bad
Fri Nov 02 2018 16:35:41 GMT+1100 (Australian Eastern Daylight Time): GET , /bad
Fri Nov 02 2018 16:35:42 GMT+1100 (Australian Eastern Daylight Time): GET , /bad
Fri Nov 02 2018 16:35:42 GMT+1100 (Australian Eastern Daylight Time): GET , /bad
Fri Nov 02 2018 16:35:42 GMT+1100 (Australian Eastern Daylight Time): GET , /bad
Fri Nov 02 2018 16:35:42 GMT+1100 (Australian Eastern Daylight Time): GET , /bad
Fri Nov 02 2018 16:35:42 GMT+1100 (Australian Eastern Daylight Time): GET , /bad
Fri Nov 02 2018 16:35:42 GMT+1100 (Australian Eastern Daylight Time): GET , /bad
Fri Nov 02 2018 16:35:43 GMT+1100 (Australian Eastern Daylight Time): GET , /bad
Fri Nov 02 2018 16:35:45 GMT+1100 (Australian Eastern Daylight Time): GET , /
Fri Nov 02 2018 16:35:46 GMT+1100 (Australian Eastern Daylight Time): GET , /
Fri Nov 02 2018 16:35:47 GMT+1100 (Australian Eastern Daylight Time): GET , /
Fri Nov 02 2018 16:35:47 GMT+1100 (Australian Eastern Daylight Time): GET , /
Fri Nov 02 2018 16:35:47 GMT+1100 (Australian Eastern Daylight Time): GET , /
Fri Nov 02 2018 16:35:47 GMT+1100 (Australian Eastern Daylight Time): GET , /
Fri Nov 02 2018 16:35:51 GMT+1100 (Australian Eastern Daylight Time): GET , /about
Fri Nov 02 2018 16:37:32 GMT+1100 (Australian Eastern Daylight Time): GET , /
Fri Nov 02 2018 16:37:34 GMT+1100 (Australian Eastern Daylight Time): GET , /
Fri Nov 02 2018 16:37:34 GMT+1100 (Australian Eastern Daylight Time): GET , /about
